0 silly input [ 'lint' ]
1 silly flags { _: [ 'run' ],
1 silly flags   'reject-cycles': false,
1 silly flags   rejectCycles: false,
1 silly flags   script: 'lint',
1 silly flags   args: [] }
2 verbose rootPath /Users/jungminhyuck/Github/blahblah.tech
3 info version 2.9.0
4 silly existsSync /Users/jungminhyuck/Github/blahblah.tech/VERSION
5 silly initialize attempt
6 silly initialize success
7 silly execute attempt
8 silly runScriptInDir lint [] blahblah-integration
9 silly getExecOpts { cwd: '/Users/jungminhyuck/Github/blahblah.tech/packages/blahblah-integration' }
10 error lint Errored while running script in 'blahblah-integration'
11 error execute callback with error
12 error Error: Command failed: yarn run lint
12 error error An unexpected error occurred: "Command failed.
12 error Exit code: 1
12 error Command: sh
12 error Arguments: -c eslint . --ignore-path .eslintignore
12 error Directory: /Users/jungminhyuck/Github/blahblah.tech/packages/blahblah-integration
12 error Output:
12 error ".
12 error $ eslint . --ignore-path .eslintignore
12 error
12 error /Users/jungminhyuck/Github/blahblah.tech/packages/blahblah-integration/dist/index.js
12 error    1:1    error    'use strict' is unnecessary inside of modules                    strict
12 error    1:13   error    Extra semicolon                                                  semi
12 error    3:32   error    Strings must use singlequote                                     quotes
12 error    4:14   error    Missing trailing comma                                           comma-dangle
12 error    5:3    error    Extra semicolon                                                  semi
12 error    7:1    error    All 'var' declarations must be at the top of the function scope  vars-on-top
12 error    7:1    error    Unexpected var, use let or const instead                         no-var
12 error    7:51   error    Extra semicolon                                                  semi
12 error    9:1    error    All 'var' declarations must be at the top of the function scope  vars-on-top
12 error    9:1    error    Unexpected var, use let or const instead                         no-var
12 error    9:65   error    Extra semicolon                                                  semi
12 error   11:1    error    All 'var' declarations must be at the top of the function scope  vars-on-top
12 error   11:1    error    Unexpected var, use let or const instead                         no-var
12 error   11:32   error    Extra semicolon                                                  semi
12 error   13:93   error    Extra semicolon                                                  semi
12 error   15:41   warning  Unexpected unnamed function                                      func-names
12 error   15:55   error    Unexpected var, use let or const instead                         no-var
12 error   15:80   error    Use the rest parameters instead of 'arguments'                   prefer-rest-params
12 error   15:111  warning  Unexpected unnamed function                                      func-names
12 error   15:111  error    Unexpected function expression                                   prefer-arrow-callback
12 error   15:172  error    Unexpected var, use let or const instead                         no-var
12 error   15:172  error    All 'var' declarations must be at the top of the function scope  vars-on-top
12 error   15:198  error    All 'var' declarations must be at the top of the function scope  vars-on-top
12 error   15:198  error    Unexpected var, use let or const instead                         no-var
12 error   15:202  error    Use object destructuring                                         prefer-destructuring
12 error   15:220  error    Extra semicolon                                                  semi
12 error   15:261  error    Extra semicolon                                                  semi
12 error   15:269  error    'info' used outside of binding context                           block-scoped-var
12 error   15:290  error    'value' used outside of binding context                          block-scoped-var
12 error   15:296  error    Extra semicolon                                                  semi
12 error   15:307  error    Function 'step' expected no return value                         consistent-return
12 error   15:330  error    'value' used outside of binding context                          block-scoped-var
12 error   15:342  warning  Unexpected unnamed function                                      func-names
12 error   15:342  error    Unexpected function expression                                   prefer-arrow-callback
12 error   15:352  error    'value' is already declared in the upper scope                   no-shadow
12 error   15:366  error    Strings must use singlequote                                     quotes
12 error   15:380  error    Extra semicolon                                                  semi
12 error   15:385  warning  Unexpected unnamed function                                      func-names
12 error   15:385  error    Unexpected function expression                                   prefer-arrow-callback
12 error   15:407  error    Strings must use singlequote                                     quotes
12 error   15:420  error    Extra semicolon                                                  semi
12 error   15:424  error    Extra semicolon                                                  semi
12 error   15:442  error    Strings must use singlequote                                     quotes
12 error   15:449  error    Extra semicolon                                                  semi
12 error   15:453  error    Extra semicolon                                                  semi
12 error   15:456  error    Extra semicolon                                                  semi
12 error   17:1    error    Unexpected var, use let or const instead                         no-var
12 error   17:1    error    All 'var' declarations must be at the top of the function scope  vars-on-top
12 error   17:38   error    Extra semicolon                                                  semi
12 error   18:1    error    All 'var' declarations must be at the top of the function scope  vars-on-top
12 error   18:1    error    Unexpected var, use let or const instead                         no-var
12 error   18:70   error    Extra semicolon                                                  semi
12 error   21:38   error    Unexpected function expression                                   prefer-arrow-callback
12 error   21:38   warning  Unexpected unnamed function                                      func-names
12 error   22:12   error    Unexpected string concatenation                                  prefer-template
12 error   22:39   error    Extra semicolon                                                  semi
12 error   23:15   error    Extra semicolon                                                  semi
12 error   27:3    error    Unexpected var, use let or const instead                         no-var
12 error   27:7    error    Use object destructuring                                         prefer-destructuring
12 error   27:30   error    Extra semicolon                                                  semi
12 error   29:3    error    Unexpected var, use let or const instead                         no-var
12 error   29:21   error    Extra semicolon                                                  semi
12 error   31:79   error    Extra semicolon                                                  semi
12 error   32:24   error    Extra semicolon                                                  semi
12 error   34:60   warning  Unexpected unnamed function                                      func-names
12 error   34:60   error    Unexpected function expression                                   prefer-arrow-callback
12 error   35:5    error    Unexpected var, use let or const instead                         no-var
12 error   35:31   error    Extra semicolon                                                  semi
12 error   37:23   error    Unexpected string concatenation                                  prefer-template
12 error   37:118  error    Extra semicolon                                                  semi
12 error   39:16   error    Extra semicolon                                                  semi
12 error   40:12   warning  Unexpected unnamed function                                      func-names
12 error   40:12   error    Unexpected function expression                                   prefer-arrow-callback
12 error   41:22   error    Extra semicolon                                                  semi
12 error   42:15   error    Extra semicolon                                                  semi
12 error   43:5    error    Extra semicolon                                                  semi
12 error   46:19   error    Wrap an immediate function invocation in parentheses             wrap-iife
12 error   46:19   warning  Unexpected unnamed function                                      func-names
12 error   47:3    error    Unexpected var, use let or const instead                         no-var
12 error   47:31   error    There should be no spaces inside this paren                      space-in-parens
12 error   47:33   error    Expected exception block, space or tab after '/*' in comment     spaced-comment
12 error   47:33   error    Expected space or tab before '*/' in comment                     spaced-comment
12 error   47:46   error    'regeneratorRuntime' is not defined                              no-undef
12 error   48:5    error    Unexpected var, use let or const instead                         no-var
12 error   48:13   error    Extra semicolon                                                  semi
12 error   49:12   error    'regeneratorRuntime' is not defined                              no-undef
12 error   49:36   error    Unexpected function expression                                   prefer-arrow-callback
12 error   50:14   warning  Unexpected constant condition                                    no-constant-condition
12 error   51:9    error    Expected a default case                                          default-case
12 error   53:30   error    Extra semicolon                                                  semi
12 error   54:52   error    Extra semicolon                                                  semi
12 error   57:33   error    Extra semicolon                                                  semi
12 error   58:65   error    Extra semicolon                                                  semi
12 error   62:35   error    Extra semicolon                                                  semi
12 error   65:22   error    Extra semicolon                                                  semi
12 error   66:6    error    Extra semicolon                                                  semi
12 error   68:19   error    '_x' is defined but never used                                   no-unused-vars
12 error   69:29   error    Use the rest parameters instead of 'arguments'                   prefer-rest-params
12 error   69:39   error    Extra semicolon                                                  semi
12 error   72:16   error    Extra semicolon                                                  semi
12 error   73:4    error    Extra semicolon                                                  semi
12 error   73:5    error    Newline required at end of file but not found                    eol-last
12 error
12 error ✖ 102 problems (93 errors, 9 warnings)
12 error   71 errors, 0 warnings potentially fixable with the `--fix` option.
12 error
12 error info If you think this is a bug, please open a bug report with the information provided in "/Users/jungminhyuck/Github/blahblah.tech/packages/blahblah-integration/yarn-error.log".
12 error info Visit https://yarnpkg.com/en/docs/cli/run for documentation about this command.
12 error
12 error     at Promise.all.then.arr (/Users/jungminhyuck/Github/blahblah.tech/node_modules/lerna/node_modules/execa/index.js:236:11)
12 error     at <anonymous>
